<?xml version="1.0" encoding="UTF-8"?>
<testsuite name="com.example.demo.Taller2ApplicationTests" tests="1" skipped="0" failures="0" errors="0" timestamp="2018-02-22T12:29:05" hostname="ALEJANDRO-ALZATE" time="0.003">
  <properties/>
  <testcase name="sumaTest" classname="com.example.demo.Taller2ApplicationTests" time="0.003"/>
  <system-out><![CDATA[2018-02-22 07:29:05.199  INFO 8556 --- [    Test worker] .b.t.c.SpringBootTestContextBootstrapper : Neither @ContextConfiguration nor @ContextHierarchy found for test class [com.example.demo.Taller2ApplicationTests], using SpringBootContextLoader
2018-02-22 07:29:05.200  INFO 8556 --- [    Test worker] o.s.t.c.support.AbstractContextLoader    : Could not detect default resource locations for test class [com.example.demo.Taller2ApplicationTests]: no resource found for suffixes {-context.xml, Context.groovy}.
2018-02-22 07:29:05.210  INFO 8556 --- [    Test worker] .b.t.c.SpringBootTestContextBootstrapper : Loaded default TestExecutionListener class names from location [META-INF/spring.factories]: [org.springframework.boot.test.mock.mockito.MockitoTestExecutionListener, org.springframework.boot.test.mock.mockito.ResetMocksTestExecutionListener, org.springframework.boot.test.autoconfigure.restdocs.RestDocsTestExecutionListener, org.springframework.boot.test.autoconfigure.web.client.MockRestServiceServerResetTestExecutionListener, org.springframework.boot.test.autoconfigure.web.servlet.MockMvcPrintOnlyOnFailureTestExecutionListener, org.springframework.boot.test.autoconfigure.web.servlet.WebDriverTestExecutionListener, org.springframework.test.context.web.ServletTestExecutionListener, org.springframework.test.context.support.DirtiesContextBeforeModesTestExecutionListener, org.springframework.test.context.support.DependencyInjectionTestExecutionListener, org.springframework.test.context.support.DirtiesContextTestExecutionListener, org.springframework.test.context.transaction.TransactionalTestExecutionListener, org.springframework.test.context.jdbc.SqlScriptsTestExecutionListener]
2018-02-22 07:29:05.214  INFO 8556 --- [    Test worker] .b.t.c.SpringBootTestContextBootstrapper : Using TestExecutionListeners: [org.springframework.test.context.web.ServletTestExecutionListener@7d06b715, org.springframework.test.context.support.DirtiesContextBeforeModesTestExecutionListener@50156895, org.springframework.boot.test.autoconfigure.SpringBootDependencyInjectionTestExecutionListener@13b9a3b6, org.springframework.test.context.support.DirtiesContextTestExecutionListener@5ba8cc46, org.springframework.test.context.transaction.TransactionalTestExecutionListener@135e6639, org.springframework.test.context.jdbc.SqlScriptsTestExecutionListener@68f4f507, org.springframework.boot.test.autoconfigure.restdocs.RestDocsTestExecutionListener@360e5fbc, org.springframework.boot.test.autoconfigure.web.servlet.WebDriverTestExecutionListener@2bd97fc7, org.springframework.boot.test.mock.mockito.ResetMocksTestExecutionListener@4b56ab2b, org.springframework.boot.test.autoconfigure.web.client.MockRestServiceServerResetTestExecutionListener@445338b, org.springframework.boot.test.mock.mockito.MockitoTestExecutionListener@40727f00, org.springframework.boot.test.autoconfigure.web.servlet.MockMvcPrintOnlyOnFailureTestExecutionListener@2035078e]
]]></system-out>
  <system-err><![CDATA[]]></system-err>
</testsuite>
