<?xml version="1.0" encoding="UTF-8"?>
<testsuite name="com.example.demo.Taller2ApplicationTests" tests="1" skipped="0" failures="0" errors="0" timestamp="2018-03-06T13:39:44" hostname="ALEJANDRO-ALZATE" time="0.0">
  <properties/>
  <testcase name="sumaTest" classname="com.example.demo.Taller2ApplicationTests" time="0.0"/>
  <system-out><![CDATA[2018-03-06 08:39:44.053  INFO 12280 --- [    Test worker] .b.t.c.SpringBootTestContextBootstrapper : Neither @ContextConfiguration nor @ContextHierarchy found for test class [com.example.demo.Taller2ApplicationTests], using SpringBootContextLoader
2018-03-06 08:39:44.069  INFO 12280 --- [    Test worker] o.s.t.c.support.AbstractContextLoader    : Could not detect default resource locations for test class [com.example.demo.Taller2ApplicationTests]: no resource found for suffixes {-context.xml, Context.groovy}.
2018-03-06 08:39:44.069  INFO 12280 --- [    Test worker] .b.t.c.SpringBootTestContextBootstrapper : Loaded default TestExecutionListener class names from location [META-INF/spring.factories]: [org.springframework.boot.test.mock.mockito.MockitoTestExecutionListener, org.springframework.boot.test.mock.mockito.ResetMocksTestExecutionListener, org.springframework.boot.test.autoconfigure.restdocs.RestDocsTestExecutionListener, org.springframework.boot.test.autoconfigure.web.client.MockRestServiceServerResetTestExecutionListener, org.springframework.boot.test.autoconfigure.web.servlet.MockMvcPrintOnlyOnFailureTestExecutionListener, org.springframework.boot.test.autoconfigure.web.servlet.WebDriverTestExecutionListener, org.springframework.test.context.web.ServletTestExecutionListener, org.springframework.test.context.support.DirtiesContextBeforeModesTestExecutionListener, org.springframework.test.context.support.DependencyInjectionTestExecutionListener, org.springframework.test.context.support.DirtiesContextTestExecutionListener, org.springframework.test.context.transaction.TransactionalTestExecutionListener, org.springframework.test.context.jdbc.SqlScriptsTestExecutionListener]
2018-03-06 08:39:44.069  INFO 12280 --- [    Test worker] .b.t.c.SpringBootTestContextBootstrapper : Using TestExecutionListeners: [org.springframework.test.context.web.ServletTestExecutionListener@737072b9, org.springframework.test.context.support.DirtiesContextBeforeModesTestExecutionListener@2f18d70c, org.springframework.boot.test.autoconfigure.SpringBootDependencyInjectionTestExecutionListener@e29758d, org.springframework.test.context.support.DirtiesContextTestExecutionListener@315c4e07, org.springframework.test.context.transaction.TransactionalTestExecutionListener@41c9172f, org.springframework.test.context.jdbc.SqlScriptsTestExecutionListener@288008ad, org.springframework.boot.test.mock.mockito.ResetMocksTestExecutionListener@6dc0852d, org.springframework.boot.test.autoconfigure.web.servlet.MockMvcPrintOnlyOnFailureTestExecutionListener@3e3fd2e4, org.springframework.boot.test.mock.mockito.MockitoTestExecutionListener@3746da63, org.springframework.boot.test.autoconfigure.restdocs.RestDocsTestExecutionListener@1f2b6946, org.springframework.boot.test.autoconfigure.web.client.MockRestServiceServerResetTestExecutionListener@76ab6e63, org.springframework.boot.test.autoconfigure.web.servlet.WebDriverTestExecutionListener@36433aa0]
]]></system-out>
  <system-err><![CDATA[]]></system-err>
</testsuite>
