<?xml version="1.0" encoding="UTF-8"?>
<testsuite name="com.example.demo.Taller2ApplicationTests" tests="1" skipped="0" failures="0" errors="0" timestamp="2018-01-29T19:40:36" hostname="ALEJANDRO-ALZATE" time="0.007">
  <properties/>
  <testcase name="sumaTest" classname="com.example.demo.Taller2ApplicationTests" time="0.007"/>
  <system-out><![CDATA[]]></system-out>
  <system-err><![CDATA[]]></system-err>
</testsuite>
