<?xml version="1.0" encoding="UTF-8"?>
<testsuite name="controladoresTest.ControladorFacturacionTest" tests="3" skipped="0" failures="0" errors="0" timestamp="2018-01-30T18:57:44" hostname="ALEJANDRO-ALZATE" time="0.002">
  <properties/>
  <testcase name="testNumeroHoras" classname="controladoresTest.ControladorFacturacionTest" time="0.001"/>
  <testcase name="testGenerarPago" classname="controladoresTest.ControladorFacturacionTest" time="0.0"/>
  <testcase name="testNumeroDias" classname="controladoresTest.ControladorFacturacionTest" time="0.0"/>
  <system-out><![CDATA[]]></system-out>
  <system-err><![CDATA[]]></system-err>
</testsuite>
