<?xml version="1.0" encoding="UTF-8"?>
<testsuite name="com.example.demo.Taller2ApplicationTests" tests="1" skipped="0" failures="0" errors="0" timestamp="2018-02-21T20:50:00" hostname="ALEJANDRO-ALZATE" time="0.003">
  <properties/>
  <testcase name="sumaTest" classname="com.example.demo.Taller2ApplicationTests" time="0.003"/>
  <system-out><![CDATA[2018-02-21 15:50:00.734  INFO 12720 --- [    Test worker] .b.t.c.SpringBootTestContextBootstrapper : Neither @ContextConfiguration nor @ContextHierarchy found for test class [com.example.demo.Taller2ApplicationTests], using SpringBootContextLoader
2018-02-21 15:50:00.735  INFO 12720 --- [    Test worker] o.s.t.c.support.AbstractContextLoader    : Could not detect default resource locations for test class [com.example.demo.Taller2ApplicationTests]: no resource found for suffixes {-context.xml, Context.groovy}.
2018-02-21 15:50:00.743  INFO 12720 --- [    Test worker] .b.t.c.SpringBootTestContextBootstrapper : Loaded default TestExecutionListener class names from location [META-INF/spring.factories]: [org.springframework.boot.test.mock.mockito.MockitoTestExecutionListener, org.springframework.boot.test.mock.mockito.ResetMocksTestExecutionListener, org.springframework.boot.test.autoconfigure.restdocs.RestDocsTestExecutionListener, org.springframework.boot.test.autoconfigure.web.client.MockRestServiceServerResetTestExecutionListener, org.springframework.boot.test.autoconfigure.web.servlet.MockMvcPrintOnlyOnFailureTestExecutionListener, org.springframework.boot.test.autoconfigure.web.servlet.WebDriverTestExecutionListener, org.springframework.test.context.web.ServletTestExecutionListener, org.springframework.test.context.support.DirtiesContextBeforeModesTestExecutionListener, org.springframework.test.context.support.DependencyInjectionTestExecutionListener, org.springframework.test.context.support.DirtiesContextTestExecutionListener, org.springframework.test.context.transaction.TransactionalTestExecutionListener, org.springframework.test.context.jdbc.SqlScriptsTestExecutionListener]
2018-02-21 15:50:00.747  INFO 12720 --- [    Test worker] .b.t.c.SpringBootTestContextBootstrapper : Using TestExecutionListeners: [org.springframework.test.context.web.ServletTestExecutionListener@386dda98, org.springframework.test.context.support.DirtiesContextBeforeModesTestExecutionListener@3bcc3c94, org.springframework.boot.test.autoconfigure.SpringBootDependencyInjectionTestExecutionListener@3657f913, org.springframework.test.context.support.DirtiesContextTestExecutionListener@45215ca4, org.springframework.test.context.transaction.TransactionalTestExecutionListener@13cef782, org.springframework.test.context.jdbc.SqlScriptsTestExecutionListener@49bc41f3, org.springframework.boot.test.mock.mockito.ResetMocksTestExecutionListener@402ab6b6, org.springframework.boot.test.autoconfigure.web.servlet.MockMvcPrintOnlyOnFailureTestExecutionListener@fa1066b, org.springframework.boot.test.autoconfigure.restdocs.RestDocsTestExecutionListener@6bb792fa, org.springframework.boot.test.mock.mockito.MockitoTestExecutionListener@40aff5a6, org.springframework.boot.test.autoconfigure.web.servlet.WebDriverTestExecutionListener@55257403, org.springframework.boot.test.autoconfigure.web.client.MockRestServiceServerResetTestExecutionListener@52b0a292]
]]></system-out>
  <system-err><![CDATA[]]></system-err>
</testsuite>
